2026-03-31 00:03:43, EXEC, v:1, k:ed@princesa, mode:FULL, size:16, fail:COMP
2026-03-31 00:04:01, MOVE, v:1, k:ed@apagando, mode:DOWN
2026-03-31 00:04:03, MOVE, v:1, k:ed@apagando, mode:PICK
2026-03-31 00:05:18, EXEC, v:1, k:ed@apagando, mode:FULL, size:15, fail:COMP
2026-03-31 00:05:37, MOVE, v:1, k:ed@manipulacao, mode:DOWN
2026-03-31 00:05:38, MOVE, v:1, k:ed@manipulacao, mode:PICK
2026-03-31 00:05:56, EXEC, v:1, k:ed@manipulacao, mode:FULL, rate:0, size:106
2026-03-31 00:07:37, EXEC, v:1, k:ed@manipulacao, mode:FULL, size:44, fail:COMP
2026-03-31 00:07:52, EXEC, v:1, k:ed@princesa, mode:FULL, fail:COMP
2026-03-31 00:07:53, EXEC, v:1, k:ed@apagando, mode:FULL, fail:COMP
2026-03-31 00:07:54, EXEC, v:1, k:ed@manipulacao, mode:FULL, fail:COMP
2026-03-31 00:12:35, EXEC, v:1, k:ed@manipulacao, mode:FULL, fail:COMP
2026-03-31 00:12:38, EXEC, v:1, k:ed@apagando, mode:FULL, fail:COMP
2026-03-31 00:12:40, EXEC, v:1, k:ed@princesa, mode:FULL, fail:COMP
2026-03-31 00:16:23, EXEC, v:1, k:ed@princesa, mode:FULL, size:26, fail:COMP
2026-03-31 00:16:47, EXEC, v:1, k:ed@princesa, mode:FULL, fail:COMP
2026-03-31 00:16:49, EXEC, v:1, k:ed@princesa, mode:FULL, fail:COMP
2026-03-31 00:16:50, EXEC, v:1, k:ed@princesa, mode:FULL, fail:COMP
2026-03-31 00:16:50, EXEC, v:1, k:ed@princesa, mode:FULL, fail:COMP
2026-03-31 00:16:50, EXEC, v:1, k:ed@princesa, mode:FULL, fail:COMP
2026-03-31 00:16:51, EXEC, v:1, k:ed@princesa, mode:FULL, fail:COMP
2026-03-31 00:16:51, EXEC, v:1, k:ed@princesa, mode:FULL, fail:COMP
2026-03-31 00:16:54, EXEC, v:1, k:ed@apagando, mode:FULL, size:27, fail:COMP
2026-03-31 00:16:55, EXEC, v:1, k:ed@apagando, mode:FULL, fail:COMP
2026-03-31 00:17:46, EXEC, v:1, k:ed@manipulacao, mode:FULL, size:168, fail:COMP
2026-03-31 00:18:25, EXEC, v:1, k:ed@princesa, mode:FULL, fail:COMP
2026-03-31 00:18:27, EXEC, v:1, k:ed@apagando, mode:FULL, fail:COMP
2026-03-31 00:18:28, EXEC, v:1, k:ed@manipulacao, mode:FULL, fail:COMP
2026-03-31 00:22:07, EXEC, v:1, k:ed@manipulacao, mode:FULL, fail:COMP
2026-03-31 00:22:08, EXEC, v:1, k:ed@apagando, mode:FULL, fail:COMP
2026-03-31 00:22:10, EXEC, v:1, k:ed@princesa, mode:FULL, fail:COMP
2026-03-31 00:22:12, EXEC, v:1, k:ed@manipulacao, mode:FULL, fail:COMP
2026-03-31 00:22:28, EXEC, v:1, k:ed@princesa, mode:FULL, size:39, fail:COMP
2026-03-31 00:22:29, EXEC, v:1, k:ed@princesa, mode:FULL, fail:COMP
2026-03-31 00:22:29, EXEC, v:1, k:ed@princesa, mode:FULL, fail:COMP
2026-03-31 00:22:30, EXEC, v:1, k:ed@princesa, mode:FULL, fail:COMP
2026-03-31 00:22:38, EXEC, v:1, k:ed@princesa, mode:FULL, rate:100, size:37
2026-03-31 00:23:01, EXEC, v:1, k:ed@apagando, mode:FULL, rate:100, size:31
2026-03-31 00:23:15, EXEC, v:1, k:ed@manipulacao, mode:FULL, rate:0, size:181
2026-03-31 00:23:40, EXEC, v:1, k:ed@manipulacao, mode:FULL, rate:0
2026-03-31 00:23:56, EXEC, v:1, k:ed@manipulacao, mode:FULL, rate:0, size:181
2026-03-31 00:27:26, EXEC, v:1, k:ed@manipulacao, mode:FULL, rate:100, size:161
2026-03-31 00:28:25, SELF, v:1, k:ed@princesa, self:1, rate:100, study:60, concept:1, problem:1, debug:1
2026-03-31 00:28:52, SELF, v:1, k:ed@apagando, self:1, rate:100, study:80, concept:1, problem:1, debug:1
2026-03-31 00:29:10, SELF, v:1, k:ed@manipulacao, self:1, rate:100, study:100, concept:1, problem:1, debug:1
2026-03-31 00:30:07, MOVE, v:1, k:ed@princesa, mode:BACK
2026-03-31 00:31:23, MOVE, v:1, k:ed@princesa, mode:PICK
2026-03-31 00:31:24, EXEC, v:1, k:ed@princesa, mode:FULL, rate:100
2026-03-31 00:31:29, MOVE, v:1, k:ed@princesa, mode:BACK
2026-03-31 00:31:30, MOVE, v:1, k:ed@apagando, mode:PICK
2026-03-31 00:31:31, EXEC, v:1, k:ed@apagando, mode:FULL, rate:100
2026-03-31 00:31:31, EXEC, v:1, k:ed@apagando, mode:FULL, rate:100
2026-03-31 00:31:33, MOVE, v:1, k:ed@apagando, mode:BACK
2026-03-31 00:31:33, MOVE, v:1, k:ed@manipulacao, mode:PICK
2026-03-31 00:31:34, EXEC, v:1, k:ed@manipulacao, mode:FULL, rate:100
2026-03-31 00:31:34, EXEC, v:1, k:ed@manipulacao, mode:FULL, rate:100
2026-03-31 00:31:34, EXEC, v:1, k:ed@manipulacao, mode:FULL, rate:100
2026-03-31 00:31:35, MOVE, v:1, k:ed@manipulacao, mode:BACK
2026-03-31 00:32:02, SELF, v:1, k:ed@princesa, self:1, rate:100, study:60, concept:1, problem:1, debug:1
2026-03-31 00:32:12, SELF, v:1, k:ed@apagando, self:1, rate:100, study:80, concept:1, problem:1, debug:1
2026-03-31 00:32:34, SELF, v:1, k:ed@manipulacao, self:1, rate:100, study:100, concept:1, problem:1, debug:1
2026-03-31 00:32:37, MOVE, v:1, k:ed@apagando, mode:PICK
2026-03-31 00:32:39, MOVE, v:1, k:ed@apagando, mode:BACK
