2026-04-06 18:32:25, MOVE, v:1, k:ed@triangulo, mode:DOWN
2026-04-06 18:32:28, MOVE, v:1, k:ed@triangulo, mode:PICK
2026-04-06 18:56:09, EXEC, v:1, k:ed@triangulo, mode:FULL, rate:0, size:47
2026-04-06 19:19:16, EXEC, v:1, k:ed@triangulo, mode:FULL, rate:100, size:63
2026-04-06 19:21:16, SELF, v:1, k:ed@triangulo, self:1, rate:100, study:45, concept:1, problem:1, debug:1
2026-04-06 19:21:18, MOVE, v:1, k:ed@triangulo, mode:BACK
2026-04-06 19:21:22, MOVE, v:1, k:ed@treinando, mode:DOWN
2026-04-06 19:21:23, MOVE, v:1, k:ed@treinando, mode:PICK
2026-04-06 19:23:14, EXEC, v:1, k:ed@treinando, mode:FULL, rate:100, size:145
2026-04-06 19:23:54, SELF, v:1, k:ed@treinando, self:1, rate:100, study:60, problem:1, debug:1
2026-04-06 19:23:55, MOVE, v:1, k:ed@treinando, mode:BACK
2026-04-06 19:23:57, MOVE, v:1, k:ed@resto, mode:DOWN
2026-04-06 19:23:58, MOVE, v:1, k:ed@resto, mode:PICK
2026-04-06 19:25:27, EXEC, v:1, k:ed@resto, mode:FULL, rate:100, size:27
2026-04-06 19:27:07, SELF, v:1, k:ed@resto, self:1, rate:100, study:30, concept:1, problem:1, debug:1
2026-04-06 19:27:08, MOVE, v:1, k:ed@resto, mode:BACK
2026-04-06 19:27:16, MOVE, v:1, k:ed@mdc, mode:DOWN
2026-04-06 19:27:19, MOVE, v:1, k:ed@mdc, mode:PICK
2026-04-06 19:29:21, EXEC, v:1, k:ed@mdc, mode:FULL, rate:100, size:23
2026-04-06 19:29:34, SELF, v:1, k:ed@mdc, self:1, rate:100, study:20, concept:1, problem:1, debug:1
2026-04-06 19:29:34, MOVE, v:1, k:ed@mdc, mode:BACK
2026-04-06 19:29:37, MOVE, v:1, k:ed@queimada, mode:DOWN
2026-04-06 19:29:39, MOVE, v:1, k:ed@queimada, mode:PICK
2026-04-06 19:30:41, EXEC, v:1, k:ed@queimada, mode:FULL, rate:100, size:52
2026-04-06 19:30:53, SELF, v:1, k:ed@queimada, self:1, rate:100, study:70, concept:1, problem:1, debug:1
2026-04-06 19:30:54, MOVE, v:1, k:ed@queimada, mode:BACK
2026-04-06 19:30:55, MOVE, v:1, k:ed@labirinto, mode:DOWN
2026-04-06 19:30:56, MOVE, v:1, k:ed@labirinto, mode:PICK
2026-04-06 19:32:49, EXEC, v:1, k:ed@labirinto, mode:FULL, rate:100, size:87
2026-04-06 19:33:25, SELF, v:1, k:ed@labirinto, self:1, rate:100, study:100, concept:1, problem:1, debug:1
2026-04-06 19:33:27, MOVE, v:1, k:ed@labirinto, mode:BACK
2026-04-06 19:33:29, MOVE, v:1, k:ed@eh_primo, mode:DOWN
2026-04-06 19:33:30, MOVE, v:1, k:ed@eh_primo, mode:PICK
2026-04-06 19:34:13, EXEC, v:1, k:ed@eh_primo, mode:FULL, size:72, fail:COMP
2026-04-06 19:34:27, EXEC, v:1, k:ed@eh_primo, mode:FULL, rate:100, size:36
2026-04-06 19:34:51, SELF, v:1, k:ed@eh_primo, self:1, rate:100, study:47, concept:1, problem:1, debug:1
2026-04-06 19:34:52, MOVE, v:1, k:ed@eh_primo, mode:BACK
2026-04-06 19:35:36, MOVE, v:1, k:ed@vetequals, mode:DOWN
2026-04-06 19:35:38, MOVE, v:1, k:ed@vetequals, mode:PICK
2026-04-06 19:36:54, EXEC, v:1, k:ed@vetequals, mode:FULL, rate:100, size:63
2026-04-06 19:37:16, SELF, v:1, k:ed@vetequals, self:1, rate:100, study:50, concept:1, code:1
2026-04-06 19:37:17, MOVE, v:1, k:ed@vetequals, mode:BACK
2026-04-06 19:38:29, SELF, v:1, k:ed@vetequals, self:1, rate:100, study:50, concept:1, problem:1, debug:1
2026-04-06 19:39:03, MOVE, v:1, k:ed@fractais_png, mode:DOWN
2026-04-06 19:39:05, MOVE, v:1, k:ed@fractais_png, mode:PICK
2026-04-06 19:45:54, MOVE, v:1, k:ed@fractais_png, mode:BACK
2026-04-06 19:45:57, MOVE, v:1, k:ed@fractais_png, mode:PICK
2026-04-06 19:45:59, EXEC, v:1, k:ed@fractais_png, mode:FULL, size:136, fail:COMP
2026-04-06 19:46:00, MOVE, v:1, k:ed@fractais_png, mode:BACK
2026-04-06 19:46:03, MOVE, v:1, k:ed@fractais_png, mode:PICK
2026-04-06 20:02:34, MOVE, v:1, k:ed@fractais_png, mode:BACK
