2026-04-03 00:08:30, EXEC, v:1, k:ed@pintando, mode:FULL, size:24, fail:COMP
2026-04-03 00:09:10, EXEC, v:1, k:ed@pintando, mode:FULL, size:24, fail:COMP
2026-04-03 00:09:36, EXEC, v:1, k:ed@pintando, mode:FULL, size:24, fail:COMP
2026-04-03 00:09:47, EXEC, v:1, k:ed@pintando, mode:FULL, size:24, fail:COMP
2026-04-03 00:10:23, EXEC, v:1, k:ed@pintando, mode:FULL, rate:0, size:24
2026-04-03 00:10:38, EXEC, v:1, k:ed@pintando, mode:FULL, rate:100, size:24
2026-04-03 00:13:45, EXEC, v:1, k:ed@pintando, mode:FULL, rate:100, size:20
2026-04-03 00:14:00, MOVE, v:1, k:ed@pintando, mode:BACK
2026-04-03 00:14:58, SELF, v:1, k:ed@pintando, self:1, rate:100, study:12, friend:nao, concept:1, refactor:1
2026-04-03 00:15:09, SELF, v:1, k:ed@pintando, self:1, rate:100, study:12, friend:nao, concept:1, refactor:1
2026-04-03 00:19:37, MOVE, v:1, k:ed@mumia, mode:PICK
2026-04-03 00:35:03, EXEC, v:1, k:ed@mumia, mode:FULL, size:32, fail:COMP
2026-04-03 00:35:27, EXEC, v:1, k:ed@mumia, mode:FULL, size:32, fail:COMP
2026-04-03 00:37:19, EXEC, v:1, k:ed@mumia, mode:FULL, rate:77, size:32
2026-04-03 00:38:18, EXEC, v:1, k:ed@mumia, mode:FULL, rate:100, size:32
2026-04-03 00:38:33, MOVE, v:1, k:ed@mumia, mode:BACK
2026-04-03 00:39:02, SELF, v:1, k:ed@mumia, self:1, rate:100, study:18, friend:nao, concept:1
2026-04-03 01:00:48, MOVE, v:1, k:ed@fuga, mode:PICK
2026-04-03 01:01:44, EXEC, v:1, k:ed@fuga, mode:FULL, size:6, fail:COMP
2026-04-03 01:07:21, EXEC, v:1, k:ed@fuga, mode:FULL, rate:0, size:11
2026-04-03 01:13:06, EXEC, v:1, k:ed@fuga, mode:FULL, rate:0, size:25
2026-04-03 01:13:11, EXEC, v:1, k:ed@fuga, mode:FULL, rate:0
2026-04-03 01:14:54, EXEC, v:1, k:ed@fuga, mode:FULL, rate:0, size:25
2026-04-03 01:17:48, EXEC, v:1, k:ed@fuga, mode:FULL, rate:0, size:25
2026-04-03 01:20:18, EXEC, v:1, k:ed@fuga, mode:FULL, size:33, fail:COMP
2026-04-03 01:20:45, EXEC, v:1, k:ed@fuga, mode:FULL, rate:80, size:33
2026-04-03 01:23:17, EXEC, v:1, k:ed@fuga, mode:FULL, rate:80, size:33
2026-04-03 01:26:57, EXEC, v:1, k:ed@fuga, mode:FULL, rate:100, size:33
2026-04-03 01:27:59, EXEC, v:1, k:ed@fuga, mode:FULL, rate:100, size:33
2026-04-03 01:28:04, MOVE, v:1, k:ed@fuga, mode:BACK
2026-04-03 01:28:59, SELF, v:1, k:ed@fuga, self:1, rate:100, study:26, friend:nao, concept:1, refactor:1
